::1 - - [06/Oct/2021:01:08:43 +0000] "GET /zmncz HTTP/1.1" 404 144 "-" "Mozilla/5.0 (Windows NT 10.0; Win64; x64) AppleWebKit/537.36 (KHTML, like Gecko) Chrome/94.0.4606.61 Safari/537.36"
::1 - - [06/Oct/2021:01:08:45 +0000] "GET /zmncz HTTP/1.1" 404 144 "-" "Mozilla/5.0 (Windows NT 10.0; Win64; x64) AppleWebKit/537.36 (KHTML, like Gecko) Chrome/94.0.4606.61 Safari/537.36"
::1 - - [06/Oct/2021:01:08:48 +0000] "GET /zmncz HTTP/1.1" 404 144 "-" "Mozilla/5.0 (Windows NT 10.0; Win64; x64) AppleWebKit/537.36 (KHTML, like Gecko) Chrome/94.0.4606.61 Safari/537.36"
::1 - - [06/Oct/2021:01:09:00 +0000] "GET / HTTP/1.1" 200 2 "-" "Mozilla/5.0 (Windows NT 10.0; Win64; x64) AppleWebKit/537.36 (KHTML, like Gecko) Chrome/94.0.4606.61 Safari/537.36"
::1 - - [06/Oct/2021:01:14:19 +0000] "GET /dfg HTTP/1.1" 404 142
::1 - - [06/Oct/2021:01:14:29 +0000] "GET /nxbc HTTP/1.1" 404 143
::1 - - [06/Oct/2021:01:14:35 +0000] "GET /dfhnb HTTP/1.1" 404 144
::1 - - [06/Oct/2021:01:14:42 +0000] "GET /nxcbvncb HTTP/1.1" 404 147
::1 - - [06/Oct/2021:01:14:47 +0000] "GET /mnmx HTTP/1.1" 404 143
::1 - - [06/Oct/2021:01:14:54 +0000] "GET /xnvmc HTTP/1.1" 404 144
::1 - - [06/Oct/2021:01:14:59 +0000] "GET /dgjkdfg HTTP/1.1" 404 146
::1 - - [06/Oct/2021:01:15:08 +0000] "GET /ksdjg HTTP/1.1" 404 144
::1 - - [06/Oct/2021:01:15:14 +0000] "GET /ksdjg HTTP/1.1" 404 144
::1 - - [06/Oct/2021:01:15:16 +0000] "GET /ksdjg HTTP/1.1" 404 144
::1 - - [06/Oct/2021:01:15:18 +0000] "GET /ksdjg HTTP/1.1" 404 144
::1 - - [06/Oct/2021:01:15:20 +0000] "GET /ksdjg HTTP/1.1" 404 144
::1 - - [06/Oct/2021:01:15:24 +0000] "GET /ksdjg HTTP/1.1" 404 144
::1 - - [06/Oct/2021:01:15:26 +0000] "GET /ksdjg HTTP/1.1" 404 144
::1 - - [06/Oct/2021:01:15:27 +0000] "GET /ksdjg HTTP/1.1" 404 144
::1 - - [06/Oct/2021:01:15:29 +0000] "GET /ksdjg HTTP/1.1" 404 144
::1 - - [06/Oct/2021:01:15:30 +0000] "GET /ksdjg HTTP/1.1" 404 144
::1 - - [06/Oct/2021:01:15:32 +0000] "GET /ksdjg HTTP/1.1" 404 144
::1 - - [06/Oct/2021:01:15:33 +0000] "GET /ksdjg HTTP/1.1" 404 144
::1 - - [06/Oct/2021:01:15:35 +0000] "GET /ksdjg HTTP/1.1" 404 144
::1 - - [06/Oct/2021:01:15:38 +0000] "GET /ksdjg HTTP/1.1" 404 144
::1 - - [06/Oct/2021:01:15:39 +0000] "GET /ksdjg HTTP/1.1" 404 144
::1 - - [06/Oct/2021:01:15:41 +0000] "GET /ksdjg HTTP/1.1" 404 144
::1 - - [06/Oct/2021:01:15:42 +0000] "GET /ksdjg HTTP/1.1" 404 144
::1 - - [06/Oct/2021:01:15:44 +0000] "GET /ksdjg HTTP/1.1" 404 144
::1 - - [06/Oct/2021:01:15:49 +0000] "GET /ksdjg HTTP/1.1" 404 144
::1 - - [06/Oct/2021:01:15:50 +0000] "GET /ksdjg HTTP/1.1" 404 144
::1 - - [06/Oct/2021:01:15:52 +0000] "GET /ksdjg HTTP/1.1" 404 144
::1 - - [06/Oct/2021:01:15:54 +0000] "GET /ksdjg HTTP/1.1" 404 144
::1 - - [06/Oct/2021:01:15:55 +0000] "GET /ksdjg HTTP/1.1" 404 144
::1 - - [06/Oct/2021:01:15:56 +0000] "GET /ksdjg HTTP/1.1" 404 144
::1 - - [06/Oct/2021:01:15:59 +0000] "GET /ksdjg HTTP/1.1" 404 144
::1 - - [06/Oct/2021:01:16:01 +0000] "GET /ksdjg HTTP/1.1" 404 144
::1 - - [06/Oct/2021:01:16:03 +0000] "GET /ksdjg HTTP/1.1" 404 144
::1 - - [06/Oct/2021:01:16:05 +0000] "GET /ksdjg HTTP/1.1" 404 144
::1 - - [06/Oct/2021:01:16:06 +0000] "GET /ksdjg HTTP/1.1" 404 144
::1 - - [06/Oct/2021:01:16:09 +0000] "GET /ksdjg HTTP/1.1" 404 144
::1 - - [06/Oct/2021:01:16:12 +0000] "GET /ksdjg HTTP/1.1" 404 144
::1 - - [06/Oct/2021:01:16:14 +0000] "GET /ksdjg HTTP/1.1" 404 144
::1 - - [06/Oct/2021:01:16:16 +0000] "GET /ksdjg HTTP/1.1" 404 144
::1 - - [06/Oct/2021:01:16:18 +0000] "GET /ksdj/ HTTP/1.1" 404 144
::1 - - [06/Oct/2021:01:16:20 +0000] "GET /ksdj/ HTTP/1.1" 404 144
::1 - - [06/Oct/2021:01:16:26 +0000] "GET /ksdj HTTP/1.1" 404 143
::1 - - [06/Oct/2021:01:16:29 +0000] "GET /ksdjk HTTP/1.1" 404 144
::1 - - [06/Oct/2021:01:16:37 +0000] "GET /ksdjdf HTTP/1.1" 404 145
::1 - - [06/Oct/2021:01:16:42 +0000] "GET /ks HTTP/1.1" 404 141
::1 - - [06/Oct/2021:01:16:44 +0000] "GET /ks HTTP/1.1" 404 141
::1 - - [06/Oct/2021:01:16:46 +0000] "GET /ks HTTP/1.1" 404 141
::1 - - [06/Oct/2021:01:16:47 +0000] "GET /ks HTTP/1.1" 404 141
::1 - - [06/Oct/2021:01:16:48 +0000] "GET /ks HTTP/1.1" 404 141
::1 - - [06/Oct/2021:01:16:49 +0000] "GET /ks HTTP/1.1" 404 141
::1 - - [06/Oct/2021:01:16:50 +0000] "GET /ks HTTP/1.1" 404 141
::1 - - [06/Oct/2021:01:16:53 +0000] "GET /ks HTTP/1.1" 404 141
::1 - - [06/Oct/2021:01:16:54 +0000] "GET /ks HTTP/1.1" 404 141
::1 - - [06/Oct/2021:01:16:56 +0000] "GET /ks HTTP/1.1" 404 141
::1 - - [06/Oct/2021:01:16:57 +0000] "GET /ks HTTP/1.1" 404 141
::1 - - [06/Oct/2021:01:16:59 +0000] "GET /ks HTTP/1.1" 404 141
::1 - - [06/Oct/2021:01:17:01 +0000] "GET /ks HTTP/1.1" 404 141
::1 - - [06/Oct/2021:01:17:05 +0000] "GET /ks HTTP/1.1" 404 141
::1 - - [06/Oct/2021:01:17:17 +0000] "GET /ks HTTP/1.1" 404 141
::1 - - [06/Oct/2021:01:17:19 +0000] "GET /ks HTTP/1.1" 404 141
::1 - - [06/Oct/2021:01:17:21 +0000] "GET /ks HTTP/1.1" 404 141
::1 - - [06/Oct/2021:01:17:24 +0000] "GET /ks HTTP/1.1" 404 141
::1 - - [06/Oct/2021:01:17:25 +0000] "GET /ks HTTP/1.1" 404 141
::1 - - [06/Oct/2021:01:17:26 +0000] "GET /ks HTTP/1.1" 404 141
::1 - - [06/Oct/2021:01:17:27 +0000] "GET /ks HTTP/1.1" 404 141
::1 - - [06/Oct/2021:01:17:33 +0000] "GET /ks HTTP/1.1" 404 141
::1 - - [06/Oct/2021:01:17:36 +0000] "GET /ksjk' HTTP/1.1" 404 148
::1 - - [06/Oct/2021:01:17:39 +0000] "GET /ksjk HTTP/1.1" 404 143
::1 - - [06/Oct/2021:01:17:43 +0000] "GET /ksjkfgh HTTP/1.1" 404 146
::1 - - [06/Oct/2021:01:17:46 +0000] "GET /ksjkfghrfyh HTTP/1.1" 404 150
::1 - - [06/Oct/2021:01:17:51 +0000] "GET /ksjkfgh HTTP/1.1" 404 146
::1 - - [06/Oct/2021:01:17:56 +0000] "GET /ksjkf HTTP/1.1" 404 144
::1 - - [06/Oct/2021:01:17:59 +0000] "GET /ksjkf HTTP/1.1" 404 144
::1 - - [06/Oct/2021:01:18:01 +0000] "GET /ksjkf HTTP/1.1" 404 144
::1 - - [06/Oct/2021:01:18:03 +0000] "GET /ksjkf HTTP/1.1" 404 144
::1 - - [06/Oct/2021:01:18:05 +0000] "GET /ksjkf HTTP/1.1" 404 144
::1 - - [06/Oct/2021:01:18:07 +0000] "GET /ksjkf HTTP/1.1" 404 144
::1 - - [06/Oct/2021:01:18:10 +0000] "GET /ksjkf HTTP/1.1" 404 144
::1 - - [06/Oct/2021:01:18:13 +0000] "GET /ksjkf HTTP/1.1" 404 144
::1 - - [06/Oct/2021:01:18:15 +0000] "GET /ksjkf HTTP/1.1" 404 144
::1 - - [06/Oct/2021:01:18:16 +0000] "GET /ksjkf HTTP/1.1" 404 144
::1 - - [06/Oct/2021:01:18:22 +0000] "GET /ksjkf HTTP/1.1" 404 144
::1 - - [06/Oct/2021:01:18:33 +0000] "GET / HTTP/1.1" 304 -
::1 - - [06/Oct/2021:01:18:37 +0000] "GET /fgh HTTP/1.1" 404 142
::1 - - [06/Oct/2021:01:18:41 +0000] "GET /fgh HTTP/1.1" 404 142
::1 - - [06/Oct/2021:01:18:42 +0000] "GET /fgh HTTP/1.1" 404 142
::1 - - [06/Oct/2021:01:18:44 +0000] "GET /fgh HTTP/1.1" 404 142
::1 - - [06/Oct/2021:01:18:45 +0000] "GET /fgh HTTP/1.1" 404 142
::1 - - [06/Oct/2021:01:18:47 +0000] "GET /fgh HTTP/1.1" 404 142
::1 - - [06/Oct/2021:01:18:48 +0000] "GET /fgh HTTP/1.1" 404 142
::1 - - [06/Oct/2021:01:18:49 +0000] "GET /fgh HTTP/1.1" 404 142
::1 - - [06/Oct/2021:01:18:51 +0000] "GET /fgh HTTP/1.1" 404 142
::1 - - [06/Oct/2021:01:18:52 +0000] "GET /fgh HTTP/1.1" 404 142
::1 - - [06/Oct/2021:01:18:53 +0000] "GET /fgh HTTP/1.1" 404 142
::1 - - [06/Oct/2021:01:18:55 +0000] "GET /fgh HTTP/1.1" 404 142
::1 - - [06/Oct/2021:01:18:58 +0000] "GET /fgh HTTP/1.1" 404 142
::1 - - [06/Oct/2021:01:19:07 +0000] "GET /fgh HTTP/1.1" 404 142
